	SDKCHK	firmware\targets\f7\api_symbols.csv
[32mAPI version 6.1 is up to date[0m
python scripts/runfap.py build\f7-firmware-D\.extapps\badbt.fap --fap_dst_dir "/ext/apps/Tools"
	APPCHK	build\f7-firmware-D\.extapps\badbt.fap
2022-10-28 19:44:58,417 [INFO] Using FLIP_ABRA3 on COM6

[91m[1m********** FBT ERRORS **********[0m[0m
[33mbuild\f7-firmware-D\site_scons\phony_launch_app[0m: Error 1
	CC	applications_user\badbt\badbt.c
	SDKCHK	firmware\targets\f7\api_symbols.csv
[32mAPI version 6.1 is up to date[0m
	LINK	build\f7-firmware-D\.extapps\badbt_d.elf
	APPMETA	build\f7-firmware-D\.extapps\badbt.fap
	FAP	build\f7-firmware-D\.extapps\badbt.fap
python scripts/runfap.py build\f7-firmware-D\.extapps\badbt.fap --fap_dst_dir "/ext/apps/Tools"
	APPCHK	build\f7-firmware-D\.extapps\badbt.fap
2022-10-28 19:45:42,280 [INFO] Using FLIP_ABRA3 on COM6

[91m[1m********** FBT ERRORS **********[0m[0m
[33mbuild\f7-firmware-D\site_scons\phony_launch_app[0m: Error 1
	CC	applications_user\badbt\badbt.c
	SDKCHK	firmware\targets\f7\api_symbols.csv
[32mAPI version 6.1 is up to date[0m
	LINK	build\f7-firmware-D\.extapps\badbt_d.elf
	APPMETA	build\f7-firmware-D\.extapps\badbt.fap
	FAP	build\f7-firmware-D\.extapps\badbt.fap
python scripts/runfap.py build\f7-firmware-D\.extapps\badbt.fap --fap_dst_dir "/ext/apps/Tools"
	APPCHK	build\f7-firmware-D\.extapps\badbt.fap
2022-10-28 20:02:07,484 [INFO] Using FLIP_ABRA3 on COM6
2022-10-28 20:02:07,533 [INFO] Installing "build\f7-firmware-D\.extapps\badbt.fap" to /ext/apps/Tools/badbt.fap
2022-10-28 20:02:07,557 [INFO] Sending "build\f7-firmware-D\.extapps\badbt.fap" to "/ext/apps/Tools/badbt.fap"
100%, chunk 1 of 1
	CC	applications_user\badbt\badbt.c
	SDKCHK	firmware\targets\f7\api_symbols.csv
[32mAPI version 6.1 is up to date[0m
	LINK	build\f7-firmware-D\.extapps\badbt_d.elf
	APPMETA	build\f7-firmware-D\.extapps\badbt.fap
	FAP	build\f7-firmware-D\.extapps\badbt.fap
python scripts/runfap.py build\f7-firmware-D\.extapps\badbt.fap --fap_dst_dir "/ext/apps/Tools"
	APPCHK	build\f7-firmware-D\.extapps\badbt.fap
2022-10-28 20:11:59,861 [INFO] Using FLIP_ABRA3 on COM6
2022-10-28 20:11:59,911 [INFO] Installing "build\f7-firmware-D\.extapps\badbt.fap" to /ext/apps/Tools/badbt.fap
2022-10-28 20:11:59,937 [INFO] Sending "build\f7-firmware-D\.extapps\badbt.fap" to "/ext/apps/Tools/badbt.fap"
100%, chunk 1 of 1
	CC	applications_user\badbt\badbt.c
	SDKCHK	firmware\targets\f7\api_symbols.csv
[32mAPI version 6.1 is up to date[0m
	LINK	build\f7-firmware-D\.extapps\badbt_d.elf
	APPMETA	build\f7-firmware-D\.extapps\badbt.fap
	FAP	build\f7-firmware-D\.extapps\badbt.fap
python scripts/runfap.py build\f7-firmware-D\.extapps\badbt.fap --fap_dst_dir "/ext/apps/Tools"
	APPCHK	build\f7-firmware-D\.extapps\badbt.fap
2022-10-28 20:16:41,964 [INFO] Using FLIP_ABRA3 on COM6
2022-10-28 20:16:42,015 [INFO] Installing "build\f7-firmware-D\.extapps\badbt.fap" to /ext/apps/Tools/badbt.fap
2022-10-28 20:16:42,040 [INFO] Sending "build\f7-firmware-D\.extapps\badbt.fap" to "/ext/apps/Tools/badbt.fap"
100%, chunk 1 of 1
